<?xml version="1.0" encoding="UTF-8"?>
<testsuite xmlns:xsi="http://www.w3.org/2001/XMLSchema-instance" xsi:noNamespaceSchemaLocation="https://maven.apache.org/surefire/maven-surefire-plugin/xsd/surefire-test-report.xsd" name="UserLoginTest" time="22.998" tests="5" errors="0" skipped="0" failures="0">
  <properties>
    <property name="gopherProxySet" value="false"/>
    <property name="awt.toolkit" value="sun.lwawt.macosx.LWCToolkit"/>
    <property name="java.specification.version" value="11"/>
    <property name="sun.cpu.isalist" value=""/>
    <property name="sun.jnu.encoding" value="UTF-8"/>
    <property name="java.class.path" value="/Users/viktorbirukov/Downloads/Diplom1/Diplom_3/target/test-classes:/Users/viktorbirukov/Downloads/Diplom1/Diplom_3/target/classes:/Users/viktorbirukov/.m2/repository/io/rest-assured/rest-assured/4.4.0/rest-assured-4.4.0.jar:/Users/viktorbirukov/.m2/repository/org/codehaus/groovy/groovy/3.0.8/groovy-3.0.8.jar:/Users/viktorbirukov/.m2/repository/org/codehaus/groovy/groovy-xml/3.0.8/groovy-xml-3.0.8.jar:/Users/viktorbirukov/.m2/repository/org/apache/httpcomponents/httpclient/4.5.13/httpclient-4.5.13.jar:/Users/viktorbirukov/.m2/repository/org/apache/httpcomponents/httpcore/4.4.13/httpcore-4.4.13.jar:/Users/viktorbirukov/.m2/repository/commons-logging/commons-logging/1.2/commons-logging-1.2.jar:/Users/viktorbirukov/.m2/repository/commons-codec/commons-codec/1.11/commons-codec-1.11.jar:/Users/viktorbirukov/.m2/repository/org/apache/httpcomponents/httpmime/4.5.13/httpmime-4.5.13.jar:/Users/viktorbirukov/.m2/repository/org/hamcrest/hamcrest/2.1/hamcrest-2.1.jar:/Users/viktorbirukov/.m2/repository/org/ccil/cowan/tagsoup/tagsoup/1.2.1/tagsoup-1.2.1.jar:/Users/viktorbirukov/.m2/repository/io/rest-assured/json-path/4.4.0/json-path-4.4.0.jar:/Users/viktorbirukov/.m2/repository/org/codehaus/groovy/groovy-json/3.0.8/groovy-json-3.0.8.jar:/Users/viktorbirukov/.m2/repository/io/rest-assured/rest-assured-common/4.4.0/rest-assured-common-4.4.0.jar:/Users/viktorbirukov/.m2/repository/io/rest-assured/xml-path/4.4.0/xml-path-4.4.0.jar:/Users/viktorbirukov/.m2/repository/jakarta/xml/bind/jakarta.xml.bind-api/2.3.3/jakarta.xml.bind-api-2.3.3.jar:/Users/viktorbirukov/.m2/repository/jakarta/activation/jakarta.activation-api/1.2.2/jakarta.activation-api-1.2.2.jar:/Users/viktorbirukov/.m2/repository/com/sun/xml/bind/jaxb-impl/2.3.3/jaxb-impl-2.3.3.jar:/Users/viktorbirukov/.m2/repository/com/fasterxml/jackson/core/jackson-databind/2.13.1/jackson-databind-2.13.1.jar:/Users/viktorbirukov/.m2/repository/com/fasterxml/jackson/core/jackson-annotations/2.13.1/jackson-annotations-2.13.1.jar:/Users/viktorbirukov/.m2/repository/com/fasterxml/jackson/core/jackson-core/2.13.1/jackson-core-2.13.1.jar:/Users/viktorbirukov/.m2/repository/com/google/code/gson/gson/2.8.9/gson-2.8.9.jar:/Users/viktorbirukov/.m2/repository/junit/junit/4.13.2/junit-4.13.2.jar:/Users/viktorbirukov/.m2/repository/org/hamcrest/hamcrest-core/1.3/hamcrest-core-1.3.jar:/Users/viktorbirukov/.m2/repository/com/codeborne/selenide/5.23.2/selenide-5.23.2.jar:/Users/viktorbirukov/.m2/repository/org/rauschig/jarchivelib/1.1.0/jarchivelib-1.1.0.jar:/Users/viktorbirukov/.m2/repository/org/apache/commons/commons-compress/1.20/commons-compress-1.20.jar:/Users/viktorbirukov/.m2/repository/org/apache/httpcomponents/client5/httpclient5/5.1/httpclient5-5.1.jar:/Users/viktorbirukov/.m2/repository/org/apache/httpcomponents/core5/httpcore5/5.1.1/httpcore5-5.1.1.jar:/Users/viktorbirukov/.m2/repository/org/apache/httpcomponents/core5/httpcore5-h2/5.1.1/httpcore5-h2-5.1.1.jar:/Users/viktorbirukov/.m2/repository/com/google/guava/guava/30.1.1-jre/guava-30.1.1-jre.jar:/Users/viktorbirukov/.m2/repository/com/google/guava/failureaccess/1.0.1/failureaccess-1.0.1.jar:/Users/viktorbirukov/.m2/repository/com/google/guava/listenablefuture/9999.0-empty-to-avoid-conflict-with-guava/listenablefuture-9999.0-empty-to-avoid-conflict-with-guava.jar:/Users/viktorbirukov/.m2/repository/com/google/code/findbugs/jsr305/3.0.2/jsr305-3.0.2.jar:/Users/viktorbirukov/.m2/repository/org/checkerframework/checker-qual/3.8.0/checker-qual-3.8.0.jar:/Users/viktorbirukov/.m2/repository/com/google/errorprone/error_prone_annotations/2.5.1/error_prone_annotations-2.5.1.jar:/Users/viktorbirukov/.m2/repository/com/google/j2objc/j2objc-annotations/1.3/j2objc-annotations-1.3.jar:/Users/viktorbirukov/.m2/repository/org/slf4j/slf4j-api/1.7.32/slf4j-api-1.7.32.jar:/Users/viktorbirukov/.m2/repository/org/seleniumhq/selenium/selenium-java/3.141.59/selenium-java-3.141.59.jar:/Users/viktorbirukov/.m2/repository/org/seleniumhq/selenium/selenium-api/3.141.59/selenium-api-3.141.59.jar:/Users/viktorbirukov/.m2/repository/org/seleniumhq/selenium/selenium-chrome-driver/3.141.59/selenium-chrome-driver-3.141.59.jar:/Users/viktorbirukov/.m2/repository/org/seleniumhq/selenium/selenium-edge-driver/3.141.59/selenium-edge-driver-3.141.59.jar:/Users/viktorbirukov/.m2/repository/org/seleniumhq/selenium/selenium-firefox-driver/3.141.59/selenium-firefox-driver-3.141.59.jar:/Users/viktorbirukov/.m2/repository/org/seleniumhq/selenium/selenium-ie-driver/3.141.59/selenium-ie-driver-3.141.59.jar:/Users/viktorbirukov/.m2/repository/org/seleniumhq/selenium/selenium-opera-driver/3.141.59/selenium-opera-driver-3.141.59.jar:/Users/viktorbirukov/.m2/repository/org/seleniumhq/selenium/selenium-remote-driver/3.141.59/selenium-remote-driver-3.141.59.jar:/Users/viktorbirukov/.m2/repository/org/seleniumhq/selenium/selenium-safari-driver/3.141.59/selenium-safari-driver-3.141.59.jar:/Users/viktorbirukov/.m2/repository/org/seleniumhq/selenium/selenium-support/3.141.59/selenium-support-3.141.59.jar:/Users/viktorbirukov/.m2/repository/net/bytebuddy/byte-buddy/1.8.15/byte-buddy-1.8.15.jar:/Users/viktorbirukov/.m2/repository/org/apache/commons/commons-exec/1.3/commons-exec-1.3.jar:/Users/viktorbirukov/.m2/repository/com/squareup/okhttp3/okhttp/3.11.0/okhttp-3.11.0.jar:/Users/viktorbirukov/.m2/repository/com/squareup/okio/okio/1.14.0/okio-1.14.0.jar:/Users/viktorbirukov/.m2/repository/io/github/bonigarcia/webdrivermanager/5.0.3/webdrivermanager-5.0.3.jar:/Users/viktorbirukov/.m2/repository/org/jsoup/jsoup/1.14.2/jsoup-1.14.2.jar:/Users/viktorbirukov/.m2/repository/com/github/docker-java/docker-java/3.2.12/docker-java-3.2.12.jar:/Users/viktorbirukov/.m2/repository/com/github/docker-java/docker-java-core/3.2.12/docker-java-core-3.2.12.jar:/Users/viktorbirukov/.m2/repository/com/github/docker-java/docker-java-api/3.2.12/docker-java-api-3.2.12.jar:/Users/viktorbirukov/.m2/repository/commons-io/commons-io/2.6/commons-io-2.6.jar:/Users/viktorbirukov/.m2/repository/commons-lang/commons-lang/2.6/commons-lang-2.6.jar:/Users/viktorbirukov/.m2/repository/org/bouncycastle/bcpkix-jdk15on/1.64/bcpkix-jdk15on-1.64.jar:/Users/viktorbirukov/.m2/repository/org/bouncycastle/bcprov-jdk15on/1.64/bcprov-jdk15on-1.64.jar:/Users/viktorbirukov/.m2/repository/org/slf4j/jcl-over-slf4j/1.7.30/jcl-over-slf4j-1.7.30.jar:/Users/viktorbirukov/.m2/repository/com/github/docker-java/docker-java-transport-httpclient5/3.2.12/docker-java-transport-httpclient5-3.2.12.jar:/Users/viktorbirukov/.m2/repository/com/github/docker-java/docker-java-transport/3.2.12/docker-java-transport-3.2.12.jar:/Users/viktorbirukov/.m2/repository/net/java/dev/jna/jna/5.8.0/jna-5.8.0.jar:/Users/viktorbirukov/.m2/repository/org/brotli/dec/0.1.2/dec-0.1.2.jar:/Users/viktorbirukov/.m2/repository/io/qameta/allure/allure-junit4/2.17.2/allure-junit4-2.17.2.jar:/Users/viktorbirukov/.m2/repository/io/qameta/allure/allure-java-commons/2.17.2/allure-java-commons-2.17.2.jar:/Users/viktorbirukov/.m2/repository/io/qameta/allure/allure-model/2.17.2/allure-model-2.17.2.jar:/Users/viktorbirukov/.m2/repository/io/qameta/allure/allure-rest-assured/2.17.2/allure-rest-assured-2.17.2.jar:/Users/viktorbirukov/.m2/repository/io/qameta/allure/allure-attachments/2.17.2/allure-attachments-2.17.2.jar:/Users/viktorbirukov/.m2/repository/org/freemarker/freemarker/2.3.31/freemarker-2.3.31.jar:/Users/viktorbirukov/.m2/repository/com/github/javafaker/javafaker/1.0.2/javafaker-1.0.2.jar:/Users/viktorbirukov/.m2/repository/org/apache/commons/commons-lang3/3.5/commons-lang3-3.5.jar:/Users/viktorbirukov/.m2/repository/org/yaml/snakeyaml/1.23/snakeyaml-1.23-android.jar:/Users/viktorbirukov/.m2/repository/com/github/mifmif/generex/1.0.2/generex-1.0.2.jar:/Users/viktorbirukov/.m2/repository/dk/brics/automaton/automaton/1.11-8/automaton-1.11-8.jar:/Users/viktorbirukov/.m2/repository/org/seleniumhq/selenium/selenium-devtools-v85/4.1.4/selenium-devtools-v85-4.1.4.jar:/Users/viktorbirukov/.m2/repository/com/google/auto/service/auto-service-annotations/1.0.1/auto-service-annotations-1.0.1.jar:/Users/viktorbirukov/.m2/repository/com/google/auto/service/auto-service/1.0.1/auto-service-1.0.1.jar:/Users/viktorbirukov/.m2/repository/com/google/auto/auto-common/1.2/auto-common-1.2.jar:/Users/viktorbirukov/.m2/repository/org/seleniumhq/selenium/selenium-json/4.1.4/selenium-json-4.1.4.jar:"/>
    <property name="java.vm.vendor" value="Amazon.com Inc."/>
    <property name="sun.arch.data.model" value="64"/>
    <property name="java.vendor.url" value="https://aws.amazon.com/corretto/"/>
    <property name="user.timezone" value=""/>
    <property name="java.vm.specification.version" value="11"/>
    <property name="os.name" value="Mac OS X"/>
    <property name="sun.java.launcher" value="SUN_STANDARD"/>
    <property name="user.country" value="RU"/>
    <property name="sun.boot.library.path" value="/Library/Java/JavaVirtualMachines/amazon-corretto-11.jdk/Contents/Home/lib"/>
    <property name="sun.java.command" value="/Users/viktorbirukov/Downloads/Diplom1/Diplom_3/target/surefire/surefirebooter2990116854736527358.jar /Users/viktorbirukov/Downloads/Diplom1/Diplom_3/target/surefire 2023-01-22T19-00-02_068-jvmRun1 surefire17921131169802574271tmp surefire_08348047589594695618tmp"/>
    <property name="http.nonProxyHosts" value="local|*.local|169.254/16|*.169.254/16"/>
    <property name="jdk.debug" value="release"/>
    <property name="surefire.test.class.path" value="/Users/viktorbirukov/Downloads/Diplom1/Diplom_3/target/test-classes:/Users/viktorbirukov/Downloads/Diplom1/Diplom_3/target/classes:/Users/viktorbirukov/.m2/repository/io/rest-assured/rest-assured/4.4.0/rest-assured-4.4.0.jar:/Users/viktorbirukov/.m2/repository/org/codehaus/groovy/groovy/3.0.8/groovy-3.0.8.jar:/Users/viktorbirukov/.m2/repository/org/codehaus/groovy/groovy-xml/3.0.8/groovy-xml-3.0.8.jar:/Users/viktorbirukov/.m2/repository/org/apache/httpcomponents/httpclient/4.5.13/httpclient-4.5.13.jar:/Users/viktorbirukov/.m2/repository/org/apache/httpcomponents/httpcore/4.4.13/httpcore-4.4.13.jar:/Users/viktorbirukov/.m2/repository/commons-logging/commons-logging/1.2/commons-logging-1.2.jar:/Users/viktorbirukov/.m2/repository/commons-codec/commons-codec/1.11/commons-codec-1.11.jar:/Users/viktorbirukov/.m2/repository/org/apache/httpcomponents/httpmime/4.5.13/httpmime-4.5.13.jar:/Users/viktorbirukov/.m2/repository/org/hamcrest/hamcrest/2.1/hamcrest-2.1.jar:/Users/viktorbirukov/.m2/repository/org/ccil/cowan/tagsoup/tagsoup/1.2.1/tagsoup-1.2.1.jar:/Users/viktorbirukov/.m2/repository/io/rest-assured/json-path/4.4.0/json-path-4.4.0.jar:/Users/viktorbirukov/.m2/repository/org/codehaus/groovy/groovy-json/3.0.8/groovy-json-3.0.8.jar:/Users/viktorbirukov/.m2/repository/io/rest-assured/rest-assured-common/4.4.0/rest-assured-common-4.4.0.jar:/Users/viktorbirukov/.m2/repository/io/rest-assured/xml-path/4.4.0/xml-path-4.4.0.jar:/Users/viktorbirukov/.m2/repository/jakarta/xml/bind/jakarta.xml.bind-api/2.3.3/jakarta.xml.bind-api-2.3.3.jar:/Users/viktorbirukov/.m2/repository/jakarta/activation/jakarta.activation-api/1.2.2/jakarta.activation-api-1.2.2.jar:/Users/viktorbirukov/.m2/repository/com/sun/xml/bind/jaxb-impl/2.3.3/jaxb-impl-2.3.3.jar:/Users/viktorbirukov/.m2/repository/com/fasterxml/jackson/core/jackson-databind/2.13.1/jackson-databind-2.13.1.jar:/Users/viktorbirukov/.m2/repository/com/fasterxml/jackson/core/jackson-annotations/2.13.1/jackson-annotations-2.13.1.jar:/Users/viktorbirukov/.m2/repository/com/fasterxml/jackson/core/jackson-core/2.13.1/jackson-core-2.13.1.jar:/Users/viktorbirukov/.m2/repository/com/google/code/gson/gson/2.8.9/gson-2.8.9.jar:/Users/viktorbirukov/.m2/repository/junit/junit/4.13.2/junit-4.13.2.jar:/Users/viktorbirukov/.m2/repository/org/hamcrest/hamcrest-core/1.3/hamcrest-core-1.3.jar:/Users/viktorbirukov/.m2/repository/com/codeborne/selenide/5.23.2/selenide-5.23.2.jar:/Users/viktorbirukov/.m2/repository/org/rauschig/jarchivelib/1.1.0/jarchivelib-1.1.0.jar:/Users/viktorbirukov/.m2/repository/org/apache/commons/commons-compress/1.20/commons-compress-1.20.jar:/Users/viktorbirukov/.m2/repository/org/apache/httpcomponents/client5/httpclient5/5.1/httpclient5-5.1.jar:/Users/viktorbirukov/.m2/repository/org/apache/httpcomponents/core5/httpcore5/5.1.1/httpcore5-5.1.1.jar:/Users/viktorbirukov/.m2/repository/org/apache/httpcomponents/core5/httpcore5-h2/5.1.1/httpcore5-h2-5.1.1.jar:/Users/viktorbirukov/.m2/repository/com/google/guava/guava/30.1.1-jre/guava-30.1.1-jre.jar:/Users/viktorbirukov/.m2/repository/com/google/guava/failureaccess/1.0.1/failureaccess-1.0.1.jar:/Users/viktorbirukov/.m2/repository/com/google/guava/listenablefuture/9999.0-empty-to-avoid-conflict-with-guava/listenablefuture-9999.0-empty-to-avoid-conflict-with-guava.jar:/Users/viktorbirukov/.m2/repository/com/google/code/findbugs/jsr305/3.0.2/jsr305-3.0.2.jar:/Users/viktorbirukov/.m2/repository/org/checkerframework/checker-qual/3.8.0/checker-qual-3.8.0.jar:/Users/viktorbirukov/.m2/repository/com/google/errorprone/error_prone_annotations/2.5.1/error_prone_annotations-2.5.1.jar:/Users/viktorbirukov/.m2/repository/com/google/j2objc/j2objc-annotations/1.3/j2objc-annotations-1.3.jar:/Users/viktorbirukov/.m2/repository/org/slf4j/slf4j-api/1.7.32/slf4j-api-1.7.32.jar:/Users/viktorbirukov/.m2/repository/org/seleniumhq/selenium/selenium-java/3.141.59/selenium-java-3.141.59.jar:/Users/viktorbirukov/.m2/repository/org/seleniumhq/selenium/selenium-api/3.141.59/selenium-api-3.141.59.jar:/Users/viktorbirukov/.m2/repository/org/seleniumhq/selenium/selenium-chrome-driver/3.141.59/selenium-chrome-driver-3.141.59.jar:/Users/viktorbirukov/.m2/repository/org/seleniumhq/selenium/selenium-edge-driver/3.141.59/selenium-edge-driver-3.141.59.jar:/Users/viktorbirukov/.m2/repository/org/seleniumhq/selenium/selenium-firefox-driver/3.141.59/selenium-firefox-driver-3.141.59.jar:/Users/viktorbirukov/.m2/repository/org/seleniumhq/selenium/selenium-ie-driver/3.141.59/selenium-ie-driver-3.141.59.jar:/Users/viktorbirukov/.m2/repository/org/seleniumhq/selenium/selenium-opera-driver/3.141.59/selenium-opera-driver-3.141.59.jar:/Users/viktorbirukov/.m2/repository/org/seleniumhq/selenium/selenium-remote-driver/3.141.59/selenium-remote-driver-3.141.59.jar:/Users/viktorbirukov/.m2/repository/org/seleniumhq/selenium/selenium-safari-driver/3.141.59/selenium-safari-driver-3.141.59.jar:/Users/viktorbirukov/.m2/repository/org/seleniumhq/selenium/selenium-support/3.141.59/selenium-support-3.141.59.jar:/Users/viktorbirukov/.m2/repository/net/bytebuddy/byte-buddy/1.8.15/byte-buddy-1.8.15.jar:/Users/viktorbirukov/.m2/repository/org/apache/commons/commons-exec/1.3/commons-exec-1.3.jar:/Users/viktorbirukov/.m2/repository/com/squareup/okhttp3/okhttp/3.11.0/okhttp-3.11.0.jar:/Users/viktorbirukov/.m2/repository/com/squareup/okio/okio/1.14.0/okio-1.14.0.jar:/Users/viktorbirukov/.m2/repository/io/github/bonigarcia/webdrivermanager/5.0.3/webdrivermanager-5.0.3.jar:/Users/viktorbirukov/.m2/repository/org/jsoup/jsoup/1.14.2/jsoup-1.14.2.jar:/Users/viktorbirukov/.m2/repository/com/github/docker-java/docker-java/3.2.12/docker-java-3.2.12.jar:/Users/viktorbirukov/.m2/repository/com/github/docker-java/docker-java-core/3.2.12/docker-java-core-3.2.12.jar:/Users/viktorbirukov/.m2/repository/com/github/docker-java/docker-java-api/3.2.12/docker-java-api-3.2.12.jar:/Users/viktorbirukov/.m2/repository/commons-io/commons-io/2.6/commons-io-2.6.jar:/Users/viktorbirukov/.m2/repository/commons-lang/commons-lang/2.6/commons-lang-2.6.jar:/Users/viktorbirukov/.m2/repository/org/bouncycastle/bcpkix-jdk15on/1.64/bcpkix-jdk15on-1.64.jar:/Users/viktorbirukov/.m2/repository/org/bouncycastle/bcprov-jdk15on/1.64/bcprov-jdk15on-1.64.jar:/Users/viktorbirukov/.m2/repository/org/slf4j/jcl-over-slf4j/1.7.30/jcl-over-slf4j-1.7.30.jar:/Users/viktorbirukov/.m2/repository/com/github/docker-java/docker-java-transport-httpclient5/3.2.12/docker-java-transport-httpclient5-3.2.12.jar:/Users/viktorbirukov/.m2/repository/com/github/docker-java/docker-java-transport/3.2.12/docker-java-transport-3.2.12.jar:/Users/viktorbirukov/.m2/repository/net/java/dev/jna/jna/5.8.0/jna-5.8.0.jar:/Users/viktorbirukov/.m2/repository/org/brotli/dec/0.1.2/dec-0.1.2.jar:/Users/viktorbirukov/.m2/repository/io/qameta/allure/allure-junit4/2.17.2/allure-junit4-2.17.2.jar:/Users/viktorbirukov/.m2/repository/io/qameta/allure/allure-java-commons/2.17.2/allure-java-commons-2.17.2.jar:/Users/viktorbirukov/.m2/repository/io/qameta/allure/allure-model/2.17.2/allure-model-2.17.2.jar:/Users/viktorbirukov/.m2/repository/io/qameta/allure/allure-rest-assured/2.17.2/allure-rest-assured-2.17.2.jar:/Users/viktorbirukov/.m2/repository/io/qameta/allure/allure-attachments/2.17.2/allure-attachments-2.17.2.jar:/Users/viktorbirukov/.m2/repository/org/freemarker/freemarker/2.3.31/freemarker-2.3.31.jar:/Users/viktorbirukov/.m2/repository/com/github/javafaker/javafaker/1.0.2/javafaker-1.0.2.jar:/Users/viktorbirukov/.m2/repository/org/apache/commons/commons-lang3/3.5/commons-lang3-3.5.jar:/Users/viktorbirukov/.m2/repository/org/yaml/snakeyaml/1.23/snakeyaml-1.23-android.jar:/Users/viktorbirukov/.m2/repository/com/github/mifmif/generex/1.0.2/generex-1.0.2.jar:/Users/viktorbirukov/.m2/repository/dk/brics/automaton/automaton/1.11-8/automaton-1.11-8.jar:/Users/viktorbirukov/.m2/repository/org/seleniumhq/selenium/selenium-devtools-v85/4.1.4/selenium-devtools-v85-4.1.4.jar:/Users/viktorbirukov/.m2/repository/com/google/auto/service/auto-service-annotations/1.0.1/auto-service-annotations-1.0.1.jar:/Users/viktorbirukov/.m2/repository/com/google/auto/service/auto-service/1.0.1/auto-service-1.0.1.jar:/Users/viktorbirukov/.m2/repository/com/google/auto/auto-common/1.2/auto-common-1.2.jar:/Users/viktorbirukov/.m2/repository/org/seleniumhq/selenium/selenium-json/4.1.4/selenium-json-4.1.4.jar:"/>
    <property name="sun.cpu.endian" value="little"/>
    <property name="allure.results.directory" value="/Users/viktorbirukov/Downloads/Diplom1/Diplom_3/target/allure-results"/>
    <property name="user.home" value="/Users/viktorbirukov"/>
    <property name="user.language" value="ru"/>
    <property name="java.specification.vendor" value="Oracle Corporation"/>
    <property name="java.version.date" value="2022-08-12"/>
    <property name="java.home" value="/Library/Java/JavaVirtualMachines/amazon-corretto-11.jdk/Contents/Home"/>
    <property name="file.separator" value="/"/>
    <property name="basedir" value="/Users/viktorbirukov/Downloads/Diplom1/Diplom_3"/>
    <property name="java.vm.compressedOopsMode" value="Zero based"/>
    <property name="line.separator" value="&#10;"/>
    <property name="java.specification.name" value="Java Platform API Specification"/>
    <property name="java.vm.specification.vendor" value="Oracle Corporation"/>
    <property name="java.awt.graphicsenv" value="sun.awt.CGraphicsEnvironment"/>
    <property name="surefire.real.class.path" value="/Users/viktorbirukov/Downloads/Diplom1/Diplom_3/target/surefire/surefirebooter2990116854736527358.jar"/>
    <property name="sun.management.compiler" value="HotSpot 64-Bit Tiered Compilers"/>
    <property name="ftp.nonProxyHosts" value="local|*.local|169.254/16|*.169.254/16"/>
    <property name="java.runtime.version" value="11.0.16.1+9-LTS"/>
    <property name="user.name" value="viktorbirukov"/>
    <property name="path.separator" value=":"/>
    <property name="os.version" value="12.4"/>
    <property name="java.runtime.name" value="OpenJDK Runtime Environment"/>
    <property name="file.encoding" value="UTF-8"/>
    <property name="java.vm.name" value="OpenJDK 64-Bit Server VM"/>
    <property name="java.vendor.version" value="Corretto-11.0.16.9.1"/>
    <property name="localRepository" value="/Users/viktorbirukov/.m2/repository"/>
    <property name="java.vendor.url.bug" value="https://github.com/corretto/corretto-11/issues/"/>
    <property name="java.io.tmpdir" value="/var/folders/66/3r7sgq313y921s3q1_5s3ks80000gn/T/"/>
    <property name="idea.version" value="2022.2.1"/>
    <property name="java.version" value="11.0.16.1"/>
    <property name="user.dir" value="/Users/viktorbirukov/Downloads/Diplom1/Diplom_3"/>
    <property name="os.arch" value="x86_64"/>
    <property name="java.vm.specification.name" value="Java Virtual Machine Specification"/>
    <property name="java.awt.printerjob" value="sun.lwawt.macosx.CPrinterJob"/>
    <property name="sun.os.patch.level" value="unknown"/>
    <property name="java.library.path" value="/Users/viktorbirukov/Library/Java/Extensions:/Library/Java/Extensions:/Network/Library/Java/Extensions:/System/Library/Java/Extensions:/usr/lib/java:."/>
    <property name="java.vm.info" value="mixed mode"/>
    <property name="java.vendor" value="Amazon.com Inc."/>
    <property name="java.vm.version" value="11.0.16.1+9-LTS"/>
    <property name="sun.io.unicode.encoding" value="UnicodeBig"/>
    <property name="java.class.version" value="55.0"/>
    <property name="socksNonProxyHosts" value="local|*.local|169.254/16|*.169.254/16"/>
  </properties>
  <testcase name="testByClickingEntrancePersonalArea" classname="UserLoginTest" time="12.223"/>
  <testcase name="testExit" classname="UserLoginTest" time="2.933"/>
  <testcase name="testByClickingEntranceInAccount" classname="UserLoginTest" time="2.286"/>
  <testcase name="testByClickingEntranceOnPageRegistration" classname="UserLoginTest" time="2.673"/>
  <testcase name="testByClickingEntranceOnPageRestartPassword" classname="UserLoginTest" time="2.682"/>
</testsuite>